-------------------------------------------------------------------------------
Test set: TestSuite
-------------------------------------------------------------------------------
Tests run: 6, Failures: 6, Errors: 0, Skipped: 0, Time elapsed: 41.182 sec <<< FAILURE!
addEmployee(com.syntax.testcases.AddEmployeeTest)  Time elapsed: 9.108 sec  <<< FAILURE!
java.lang.NullPointerException
	at java.util.Objects.requireNonNull(Objects.java:203)
	at org.openqa.selenium.support.ui.FluentWait.<init>(FluentWait.java:106)
	at org.openqa.selenium.support.ui.WebDriverWait.<init>(WebDriverWait.java:85)
	at org.openqa.selenium.support.ui.WebDriverWait.<init>(WebDriverWait.java:45)
	at com.syntax.utils.CommonMethods.waitForElementBeVisible(CommonMethods.java:147)
	at com.syntax.testcases.AddEmployeeTest.addEmployee(AddEmployeeTest.java:37)

addEmployee(com.syntax.testcases.AddEmployeeTest)  Time elapsed: 8.234 sec  <<< FAILURE!
java.lang.NullPointerException
	at java.util.Objects.requireNonNull(Objects.java:203)
	at org.openqa.selenium.support.ui.FluentWait.<init>(FluentWait.java:106)
	at org.openqa.selenium.support.ui.WebDriverWait.<init>(WebDriverWait.java:85)
	at org.openqa.selenium.support.ui.WebDriverWait.<init>(WebDriverWait.java:45)
	at com.syntax.utils.CommonMethods.waitForElementBeVisible(CommonMethods.java:147)
	at com.syntax.testcases.AddEmployeeTest.addEmployee(AddEmployeeTest.java:37)

addEmployee(com.syntax.testcases.AddEmployeeTest)  Time elapsed: 7.3 sec  <<< FAILURE!
java.lang.NullPointerException
	at java.util.Objects.requireNonNull(Objects.java:203)
	at org.openqa.selenium.support.ui.FluentWait.<init>(FluentWait.java:106)
	at org.openqa.selenium.support.ui.WebDriverWait.<init>(WebDriverWait.java:85)
	at org.openqa.selenium.support.ui.WebDriverWait.<init>(WebDriverWait.java:45)
	at com.syntax.utils.CommonMethods.waitForElementBeVisible(CommonMethods.java:147)
	at com.syntax.testcases.AddEmployeeTest.addEmployee(AddEmployeeTest.java:37)

doLogin(com.syntax.testcases.LoginPageTest)  Time elapsed: 0.002 sec  <<< FAILURE!
java.lang.NullPointerException
	at com.syntax.testcases.LoginPageTest.doLogin(LoginPageTest.java:39)

loginToOrangeHRM(com.syntax.testcases.LoginPageTest)  Time elapsed: 0.046 sec  <<< FAILURE!
java.lang.NullPointerException
	at com.syntax.testcases.LoginPageTest.loginToOrangeHRM(LoginPageTest.java:21)

negativeLogin(com.syntax.testcases.LoginPageTest)  Time elapsed: 0.001 sec  <<< FAILURE!
java.lang.NullPointerException
	at com.syntax.testcases.LoginPageTest.negativeLogin(LoginPageTest.java:52)

